\BOOKMARK [1][-]{section.1}{\376\377\000I\000n\000t\000r\000o\000d\000u\000c\000t\000i\000o\000n}{}% 1
\BOOKMARK [2][-]{subsection.1.1}{\376\377\000P\000r\000o\000j\000e\000c\000t\000\040\000O\000b\000j\000e\000c\000t\000i\000v\000e\000s}{section.1}% 2
\BOOKMARK [2][-]{subsection.1.2}{\376\377\000C\000R\000I\000S\000P\000-\000D\000M\000\040\000M\000e\000t\000h\000o\000d\000o\000l\000o\000g\000y}{section.1}% 3
\BOOKMARK [2][-]{subsection.1.3}{\376\377\000T\000o\000o\000l\000s\000\040\000a\000n\000d\000\040\000T\000e\000c\000h\000n\000o\000l\000o\000g\000i\000e\000s}{section.1}% 4
\BOOKMARK [2][-]{subsection.1.4}{\376\377\000R\000e\000p\000o\000r\000t\000\040\000S\000t\000r\000u\000c\000t\000u\000r\000e}{section.1}% 5
\BOOKMARK [1][-]{section.2}{\376\377\000B\000u\000s\000i\000n\000e\000s\000s\000\040\000U\000n\000d\000e\000r\000s\000t\000a\000n\000d\000i\000n\000g}{}% 6
\BOOKMARK [2][-]{subsection.2.1}{\376\377\000B\000u\000s\000i\000n\000e\000s\000s\000\040\000P\000r\000o\000b\000l\000e\000m}{section.2}% 7
\BOOKMARK [2][-]{subsection.2.2}{\376\377\000B\000u\000s\000i\000n\000e\000s\000s\000\040\000O\000b\000j\000e\000c\000t\000i\000v\000e\000s}{section.2}% 8
\BOOKMARK [2][-]{subsection.2.3}{\376\377\000S\000u\000c\000c\000e\000s\000s\000\040\000C\000r\000i\000t\000e\000r\000i\000a}{section.2}% 9
\BOOKMARK [2][-]{subsection.2.4}{\376\377\000P\000r\000o\000j\000e\000c\000t\000\040\000P\000l\000a\000n}{section.2}% 10
\BOOKMARK [1][-]{section.3}{\376\377\000D\000a\000t\000a\000\040\000U\000n\000d\000e\000r\000s\000t\000a\000n\000d\000i\000n\000g}{}% 11
\BOOKMARK [2][-]{subsection.3.1}{\376\377\000D\000a\000t\000a\000s\000e\000t\000\040\000O\000v\000e\000r\000v\000i\000e\000w}{section.3}% 12
\BOOKMARK [2][-]{subsection.3.2}{\376\377\000S\000c\000h\000e\000m\000a\000\040\000D\000e\000s\000c\000r\000i\000p\000t\000i\000o\000n}{section.3}% 13
\BOOKMARK [2][-]{subsection.3.3}{\376\377\000D\000a\000t\000a\000\040\000Q\000u\000a\000l\000i\000t\000y\000\040\000A\000s\000s\000e\000s\000s\000m\000e\000n\000t}{section.3}% 14
\BOOKMARK [2][-]{subsection.3.4}{\376\377\000E\000x\000p\000l\000o\000r\000a\000t\000o\000r\000y\000\040\000D\000a\000t\000a\000\040\000A\000n\000a\000l\000y\000s\000i\000s}{section.3}% 15
\BOOKMARK [1][-]{section.4}{\376\377\000D\000a\000t\000a\000\040\000P\000r\000e\000p\000a\000r\000a\000t\000i\000o\000n}{}% 16
\BOOKMARK [2][-]{subsection.4.1}{\376\377\000P\000i\000p\000e\000l\000i\000n\000e\000\040\000A\000r\000c\000h\000i\000t\000e\000c\000t\000u\000r\000e}{section.4}% 17
\BOOKMARK [2][-]{subsection.4.2}{\376\377\000D\000a\000t\000a\000\040\000I\000n\000g\000e\000s\000t\000i\000o\000n}{section.4}% 18
\BOOKMARK [2][-]{subsection.4.3}{\376\377\000H\000i\000v\000e\000\040\000O\000p\000t\000i\000m\000i\000z\000a\000t\000i\000o\000n}{section.4}% 19
\BOOKMARK [2][-]{subsection.4.4}{\376\377\000D\000a\000t\000a\000\040\000C\000l\000e\000a\000n\000i\000n\000g}{section.4}% 20
\BOOKMARK [2][-]{subsection.4.5}{\376\377\000F\000e\000a\000t\000u\000r\000e\000\040\000E\000n\000g\000i\000n\000e\000e\000r\000i\000n\000g}{section.4}% 21
\BOOKMARK [1][-]{section.5}{\376\377\000M\000o\000d\000e\000l\000i\000n\000g}{}% 22
\BOOKMARK [2][-]{subsection.5.1}{\376\377\000A\000p\000p\000r\000o\000a\000c\000h}{section.5}% 23
\BOOKMARK [2][-]{subsection.5.2}{\376\377\000P\000i\000p\000e\000l\000i\000n\000e\000\040\000F\000l\000o\000w}{section.5}% 24
\BOOKMARK [2][-]{subsection.5.3}{\376\377\000H\000y\000p\000e\000r\000p\000a\000r\000a\000m\000e\000t\000e\000r\000\040\000T\000u\000n\000i\000n\000g}{section.5}% 25
\BOOKMARK [2][-]{subsection.5.4}{\376\377\000M\000o\000d\000e\000l\000\040\000P\000e\000r\000f\000o\000r\000m\000a\000n\000c\000e\000\040\000C\000o\000m\000p\000a\000r\000i\000s\000o\000n}{section.5}% 26
\BOOKMARK [2][-]{subsection.5.5}{\376\377\000S\000e\000l\000e\000c\000t\000e\000d\000\040\000M\000o\000d\000e\000l\000:\000\040\000G\000r\000a\000d\000i\000e\000n\000t\000\040\000B\000o\000o\000s\000t\000e\000d\000\040\000T\000r\000e\000e\000s}{section.5}% 27
\BOOKMARK [2][-]{subsection.5.6}{\376\377\000C\000o\000m\000p\000a\000r\000i\000s\000o\000n\000\040\000w\000i\000t\000h\000\040\000S\000t\000a\000g\000e\000\040\000I\000I\000\040\000P\000i\000l\000o\000t}{section.5}% 28
\BOOKMARK [1][-]{section.6}{\376\377\000E\000v\000a\000l\000u\000a\000t\000i\000o\000n}{}% 29
\BOOKMARK [2][-]{subsection.6.1}{\376\377\000B\000u\000s\000i\000n\000e\000s\000s\000\040\000O\000b\000j\000e\000c\000t\000i\000v\000e\000\040\000L\000i\000n\000k\000a\000g\000e}{section.6}% 30
\BOOKMARK [2][-]{subsection.6.2}{\376\377\000M\000o\000d\000e\000l\000\040\000I\000n\000t\000e\000r\000p\000r\000e\000t\000a\000t\000i\000o\000n}{section.6}% 31
\BOOKMARK [2][-]{subsection.6.3}{\376\377\000R\000i\000s\000k\000\040\000A\000s\000s\000e\000s\000s\000m\000e\000n\000t}{section.6}% 32
\BOOKMARK [1][-]{section.7}{\376\377\000D\000e\000p\000l\000o\000y\000m\000e\000n\000t}{}% 33
\BOOKMARK [2][-]{subsection.7.1}{\376\377\000D\000a\000t\000a\000\040\000I\000n\000f\000r\000a\000s\000t\000r\000u\000c\000t\000u\000r\000e}{section.7}% 34
\BOOKMARK [2][-]{subsection.7.2}{\376\377\000S\000u\000p\000e\000r\000s\000e\000t\000\040\000D\000a\000s\000h\000b\000o\000a\000r\000d}{section.7}% 35
\BOOKMARK [2][-]{subsection.7.3}{\376\377\000D\000a\000t\000a\000\040\000S\000o\000u\000r\000c\000e\000s\000\040\000i\000n\000\040\000S\000u\000p\000e\000r\000s\000e\000t}{section.7}% 36
\BOOKMARK [2][-]{subsection.7.4}{\376\377\000D\000a\000s\000h\000b\000o\000a\000r\000d\000\040\000P\000u\000b\000l\000i\000s\000h\000i\000n\000g}{section.7}% 37
\BOOKMARK [2][-]{subsection.7.5}{\376\377\000R\000e\000p\000r\000o\000d\000u\000c\000i\000b\000i\000l\000i\000t\000y}{section.7}% 38
\BOOKMARK [1][-]{section.8}{\376\377\000C\000o\000n\000t\000r\000i\000b\000u\000t\000i\000o\000n\000s\000,\000\040\000C\000h\000a\000l\000l\000e\000n\000g\000e\000s\000,\000\040\000a\000n\000d\000\040\000F\000u\000t\000u\000r\000e\000\040\000W\000o\000r\000k}{}% 39
\BOOKMARK [2][-]{subsection.8.1}{\376\377\000T\000e\000a\000m\000\040\000C\000o\000n\000t\000r\000i\000b\000u\000t\000i\000o\000n\000s}{section.8}% 40
\BOOKMARK [2][-]{subsection.8.2}{\376\377\000T\000e\000c\000h\000n\000i\000c\000a\000l\000\040\000C\000h\000a\000l\000l\000e\000n\000g\000e\000s}{section.8}% 41
\BOOKMARK [2][-]{subsection.8.3}{\376\377\000D\000o\000m\000a\000i\000n\000\040\000C\000h\000a\000l\000l\000e\000n\000g\000e\000s}{section.8}% 42
\BOOKMARK [2][-]{subsection.8.4}{\376\377\000L\000e\000s\000s\000o\000n\000s\000\040\000L\000e\000a\000r\000n\000e\000d}{section.8}% 43
\BOOKMARK [2][-]{subsection.8.5}{\376\377\000F\000u\000t\000u\000r\000e\000\040\000W\000o\000r\000k}{section.8}% 44
\BOOKMARK [1][-]{appendix.A}{\376\377\000A\000p\000p\000e\000n\000d\000i\000x}{}% 45
\BOOKMARK [2][-]{subsection.A.1}{\376\377\000R\000e\000p\000o\000s\000i\000t\000o\000r\000y\000\040\000S\000t\000r\000u\000c\000t\000u\000r\000e}{appendix.A}% 46
\BOOKMARK [2][-]{subsection.A.2}{\376\377\000C\000l\000u\000s\000t\000e\000r\000\040\000A\000c\000c\000e\000s\000s\000\040\000I\000n\000f\000o\000r\000m\000a\000t\000i\000o\000n}{appendix.A}% 47
\BOOKMARK [2][-]{subsection.A.3}{\376\377\000S\000q\000o\000o\000p\000\040\000C\000o\000m\000m\000a\000n\000d}{appendix.A}% 48
\BOOKMARK [2][-]{subsection.A.4}{\376\377\000S\000p\000a\000r\000k\000\040\000S\000u\000b\000m\000i\000t\000\040\000C\000o\000m\000m\000a\000n\000d}{appendix.A}% 49
\BOOKMARK [2][-]{subsection.A.5}{\376\377\000D\000a\000s\000h\000b\000o\000a\000r\000d\000\040\000S\000c\000r\000e\000e\000n\000s\000h\000o\000t\000s}{appendix.A}% 50
